<?xml version="1.0" encoding="UTF-8"?>
<Site BuildName="Linux-c++"
	BuildStamp="20240729-1518-Experimental"
	Name="sujan"
	Generator="ctest-3.30.1"
	CompilerName="/usr/bin/c++"
	CompilerVersion="14.1.1"
	OSName="Linux"
	Hostname="sujan"
	OSRelease="6.6.40-2-lts"
	OSVersion="#1 SMP PREEMPT_DYNAMIC Mon, 22 Jul 2024 17:42:38 +0000"
	OSPlatform="x86_64"
	Is64Bits="1"
	VendorString="GenuineIntel"
	VendorID="Intel Corporation"
	FamilyID="6"
	ModelID="140"
	ProcessorCacheSize="8192"
	NumberOfLogicalCPU="8"
	NumberOfPhysicalCPU="4"
	TotalVirtualMemory="4095"
	TotalPhysicalMemory="15780"
	LogicalProcessorsPerPhysical="2"
	ProcessorClockFrequency="3100.01"
	>
	<Testing>
		<StartDateTime>Jul 29 21:06 +0545</StartDateTime>
		<StartTestTime>1722266491</StartTestTime>
		<TestList/>
		<EndDateTime>Jul 29 21:06 +0545</EndDateTime>
		<EndTestTime>1722266491</EndTestTime>
		<ElapsedMinutes>0</ElapsedMinutes>
	</Testing>
</Site>
